[     323ms] [ERROR] ./src/app/(public)/layout.tsx:7:1
Module not found: Can't resolve '@/contexts/CartContext'
   5 | import { CookieConsent } from "@/components/CookieConsent";
   6 | import { StickyCTA } from "@/components/StickyCTA";
>  7 | import { CartProvider } from "@/contexts/CartContext";
     | ^^^^^^^^^^^^^^^^^^^^^^^^^^^^^^^^^^^^^^^^^^^^^^^^^^^^^^
   8 |
   9 | export default function PublicLayout({
  10 |   children,

Import map: aliased to relative './src/contexts/CartContext' inside of [project]/

https://nextjs.org/docs/messages/module-not-found @ http://localhost:3000/_next/static/chunks/node_modules_next_dist_f3530cac._.js:3127
[     323ms] [ERROR] ./src/app/(public)/layout.tsx:7:1
Module not found: Can't resolve '@/contexts/CartContext'
   5 | import { CookieConsent } from "@/components/CookieConsent";
   6 | import { StickyCTA } from "@/components/StickyCTA";
>  7 | import { CartProvider } from "@/contexts/CartContext";
     | ^^^^^^^^^^^^^^^^^^^^^^^^^^^^^^^^^^^^^^^^^^^^^^^^^^^^^^
   8 |
   9 | export default function PublicLayout({
  10 |   children,

Import map: aliased to relative './src/contexts/CartContext' inside of [project]/

https://nextjs.org/docs/messages/module-not-found @ http://localhost:3000/_next/static/chunks/node_modules_next_dist_f3530cac._.js:3127
[     397ms] [ERROR] ./src/app/(public)/layout.tsx:7:1
Module not found: Can't resolve '@/contexts/CartContext'
   5 | import { CookieConsent } from "@/components/CookieConsent";
   6 | import { StickyCTA } from "@/components/StickyCTA";
>  7 | import { CartProvider } from "@/contexts/CartContext";
     | ^^^^^^^^^^^^^^^^^^^^^^^^^^^^^^^^^^^^^^^^^^^^^^^^^^^^^^
   8 |
   9 | export default function PublicLayout({
  10 |   children,

Import map: aliased to relative './src/contexts/CartContext' inside of [project]/

https://nextjs.org/docs/messages/module-not-found @ http://localhost:3000/_next/static/chunks/node_modules_next_dist_f3530cac._.js:3127
[    1545ms] [ERROR] Connecting to 'https://i.clarity.ms/collect' violates the following Content Security Policy directive: "connect-src 'self' https://www.google-analytics.com https://region1.google-analytics.com https://*.google-analytics.com https://www.googletagmanager.com https://www.clarity.ms https://scripts.clarity.ms https://*.supabase.co https://t.contentsquare.net https://*.contentsquare.net https://bat.bing.com https://bat.bing.net". The action has been blocked. @ https://scripts.clarity.ms/0.8.57/clarity.js:1
[    1547ms] [ERROR] Connecting to 'https://i.clarity.ms/collect' violates the following Content Security Policy directive: "connect-src 'self' https://www.google-analytics.com https://region1.google-analytics.com https://*.google-analytics.com https://www.googletagmanager.com https://www.clarity.ms https://scripts.clarity.ms https://*.supabase.co https://t.contentsquare.net https://*.contentsquare.net https://bat.bing.com https://bat.bing.net". The action has been blocked. @ https://scripts.clarity.ms/0.8.57/clarity.js:1
[    1550ms] [ERROR] Connecting to 'https://i.clarity.ms/collect' violates the following Content Security Policy directive: "connect-src 'self' https://www.google-analytics.com https://region1.google-analytics.com https://*.google-analytics.com https://www.googletagmanager.com https://www.clarity.ms https://scripts.clarity.ms https://*.supabase.co https://t.contentsquare.net https://*.contentsquare.net https://bat.bing.com https://bat.bing.net". The action has been blocked. @ https://scripts.clarity.ms/0.8.57/clarity.js:1
[    1551ms] [ERROR] Connecting to 'https://i.clarity.ms/collect' violates the following Content Security Policy directive: "connect-src 'self' https://www.google-analytics.com https://region1.google-analytics.com https://*.google-analytics.com https://www.googletagmanager.com https://www.clarity.ms https://scripts.clarity.ms https://*.supabase.co https://t.contentsquare.net https://*.contentsquare.net https://bat.bing.com https://bat.bing.net". The action has been blocked. @ https://scripts.clarity.ms/0.8.57/clarity.js:1
[   18919ms] [ERROR] ./src/app/(public)/layout.tsx:7:1
Module not found: Can't resolve '@/contexts/CartContext'
   5 | import { CookieConsent } from "@/components/CookieConsent";
   6 | import { StickyCTA } from "@/components/StickyCTA";
>  7 | import { CartProvider } from "@/contexts/CartContext";
     | ^^^^^^^^^^^^^^^^^^^^^^^^^^^^^^^^^^^^^^^^^^^^^^^^^^^^^^
   8 |
   9 | export default function PublicLayout({
  10 |   children,

Import map: aliased to relative './src/contexts/CartContext' inside of [project]/

https://nextjs.org/docs/messages/module-not-found @ http://localhost:3000/_next/static/chunks/node_modules_next_dist_f3530cac._.js:3127
[   19121ms] [ERROR] ./src/app/(public)/layout.tsx:7:1
Module not found: Can't resolve '@/contexts/CartContext'
   5 | import { CookieConsent } from "@/components/CookieConsent";
   6 | import { StickyCTA } from "@/components/StickyCTA";
>  7 | import { CartProvider } from "@/contexts/CartContext";
     | ^^^^^^^^^^^^^^^^^^^^^^^^^^^^^^^^^^^^^^^^^^^^^^^^^^^^^^
   8 |
   9 | export default function PublicLayout({
  10 |   children,

Import map: aliased to relative './src/contexts/CartContext' inside of [project]/

https://nextjs.org/docs/messages/module-not-found @ http://localhost:3000/_next/static/chunks/node_modules_next_dist_f3530cac._.js:3127
[   19919ms] [ERROR] ./src/app/(public)/layout.tsx:7:1
Module not found: Can't resolve '@/contexts/CartContext'
   5 | import { CookieConsent } from "@/components/CookieConsent";
   6 | import { StickyCTA } from "@/components/StickyCTA";
>  7 | import { CartProvider } from "@/contexts/CartContext";
     | ^^^^^^^^^^^^^^^^^^^^^^^^^^^^^^^^^^^^^^^^^^^^^^^^^^^^^^
   8 |
   9 | export default function PublicLayout({
  10 |   children,

Import map: aliased to relative './src/contexts/CartContext' inside of [project]/

https://nextjs.org/docs/messages/module-not-found @ http://localhost:3000/_next/static/chunks/node_modules_next_dist_f3530cac._.js:3127
[   24477ms] [ERROR] ./src/app/(public)/layout.tsx:7:1
Module not found: Can't resolve '@/contexts/CartContext'
   5 | import { CookieConsent } from "@/components/CookieConsent";
   6 | import { StickyCTA } from "@/components/StickyCTA";
>  7 | import { CartProvider } from "@/contexts/CartContext";
     | ^^^^^^^^^^^^^^^^^^^^^^^^^^^^^^^^^^^^^^^^^^^^^^^^^^^^^^
   8 |
   9 | export default function PublicLayout({
  10 |   children,

Import map: aliased to relative './src/contexts/CartContext' inside of [project]/

https://nextjs.org/docs/messages/module-not-found @ http://localhost:3000/_next/static/chunks/node_modules_next_dist_f3530cac._.js:3127
[   32200ms] [ERROR] ./src/app/(public)/layout.tsx:7:1
Module not found: Can't resolve '@/contexts/CartContext'
   5 | import { CookieConsent } from "@/components/CookieConsent";
   6 | import { StickyCTA } from "@/components/StickyCTA";
>  7 | import { CartProvider } from "@/contexts/CartContext";
     | ^^^^^^^^^^^^^^^^^^^^^^^^^^^^^^^^^^^^^^^^^^^^^^^^^^^^^^
   8 |
   9 | export default function PublicLayout({
  10 |   children,

Import map: aliased to relative './src/contexts/CartContext' inside of [project]/

https://nextjs.org/docs/messages/module-not-found @ http://localhost:3000/_next/static/chunks/node_modules_next_dist_f3530cac._.js:3127
[   32400ms] [ERROR] ./src/app/(public)/layout.tsx:7:1
Module not found: Can't resolve '@/contexts/CartContext'
   5 | import { CookieConsent } from "@/components/CookieConsent";
   6 | import { StickyCTA } from "@/components/StickyCTA";
>  7 | import { CartProvider } from "@/contexts/CartContext";
     | ^^^^^^^^^^^^^^^^^^^^^^^^^^^^^^^^^^^^^^^^^^^^^^^^^^^^^^
   8 |
   9 | export default function PublicLayout({
  10 |   children,

Import map: aliased to relative './src/contexts/CartContext' inside of [project]/

https://nextjs.org/docs/messages/module-not-found @ http://localhost:3000/_next/static/chunks/node_modules_next_dist_f3530cac._.js:3127
[   33200ms] [ERROR] ./src/app/(public)/layout.tsx:7:1
Module not found: Can't resolve '@/contexts/CartContext'
   5 | import { CookieConsent } from "@/components/CookieConsent";
   6 | import { StickyCTA } from "@/components/StickyCTA";
>  7 | import { CartProvider } from "@/contexts/CartContext";
     | ^^^^^^^^^^^^^^^^^^^^^^^^^^^^^^^^^^^^^^^^^^^^^^^^^^^^^^
   8 |
   9 | export default function PublicLayout({
  10 |   children,

Import map: aliased to relative './src/contexts/CartContext' inside of [project]/

https://nextjs.org/docs/messages/module-not-found @ http://localhost:3000/_next/static/chunks/node_modules_next_dist_f3530cac._.js:3127
[   39535ms] [ERROR] ./src/app/(public)/layout.tsx:7:1
Module not found: Can't resolve '@/contexts/CartContext'
   5 | import { CookieConsent } from "@/components/CookieConsent";
   6 | import { StickyCTA } from "@/components/StickyCTA";
>  7 | import { CartProvider } from "@/contexts/CartContext";
     | ^^^^^^^^^^^^^^^^^^^^^^^^^^^^^^^^^^^^^^^^^^^^^^^^^^^^^^
   8 |
   9 | export default function PublicLayout({
  10 |   children,

Import map: aliased to relative './src/contexts/CartContext' inside of [project]/

https://nextjs.org/docs/messages/module-not-found @ http://localhost:3000/_next/static/chunks/node_modules_next_dist_f3530cac._.js:3127
[  270754ms] [ERROR] WebSocket connection to 'ws://localhost:3000/_next/webpack-hmr?id=b1sZn4h6sW81A0Fl8M6ib' failed:  @ http://localhost:3000/_next/static/chunks/node_modules_next_dist_client_17643121._.js:10878
[  271757ms] [ERROR] WebSocket connection to 'ws://localhost:3000/_next/webpack-hmr?id=b1sZn4h6sW81A0Fl8M6ib' failed: Error in connection establishment: net::ERR_CONNECTION_REFUSED @ http://localhost:3000/_next/static/chunks/node_modules_next_dist_client_17643121._.js:10878
[  272760ms] [ERROR] WebSocket connection to 'ws://localhost:3000/_next/webpack-hmr?id=b1sZn4h6sW81A0Fl8M6ib' failed: Error in connection establishment: net::ERR_CONNECTION_REFUSED @ http://localhost:3000/_next/static/chunks/node_modules_next_dist_client_17643121._.js:10878
[  273762ms] [ERROR] WebSocket connection to 'ws://localhost:3000/_next/webpack-hmr?id=b1sZn4h6sW81A0Fl8M6ib' failed: Error in connection establishment: net::ERR_CONNECTION_REFUSED @ http://localhost:3000/_next/static/chunks/node_modules_next_dist_client_17643121._.js:10878
[  274765ms] [ERROR] WebSocket connection to 'ws://localhost:3000/_next/webpack-hmr?id=b1sZn4h6sW81A0Fl8M6ib' failed: Error in connection establishment: net::ERR_CONNECTION_REFUSED @ http://localhost:3000/_next/static/chunks/node_modules_next_dist_client_17643121._.js:10878
[  275784ms] [ERROR] WebSocket connection to 'ws://localhost:3000/_next/webpack-hmr?id=b1sZn4h6sW81A0Fl8M6ib' failed: Error in connection establishment: net::ERR_CONNECTION_REFUSED @ http://localhost:3000/_next/static/chunks/node_modules_next_dist_client_17643121._.js:10878
[  280791ms] [ERROR] WebSocket connection to 'ws://localhost:3000/_next/webpack-hmr?id=b1sZn4h6sW81A0Fl8M6ib' failed: Error in connection establishment: net::ERR_CONNECTION_REFUSED @ http://localhost:3000/_next/static/chunks/node_modules_next_dist_client_17643121._.js:10878
[  285803ms] [ERROR] WebSocket connection to 'ws://localhost:3000/_next/webpack-hmr?id=b1sZn4h6sW81A0Fl8M6ib' failed: Error in connection establishment: net::ERR_CONNECTION_REFUSED @ http://localhost:3000/_next/static/chunks/node_modules_next_dist_client_17643121._.js:10878
[  290824ms] [ERROR] WebSocket connection to 'ws://localhost:3000/_next/webpack-hmr?id=b1sZn4h6sW81A0Fl8M6ib' failed: Error in connection establishment: net::ERR_CONNECTION_REFUSED @ http://localhost:3000/_next/static/chunks/node_modules_next_dist_client_17643121._.js:10878
[  295835ms] [ERROR] WebSocket connection to 'ws://localhost:3000/_next/webpack-hmr?id=b1sZn4h6sW81A0Fl8M6ib' failed: Error in connection establishment: net::ERR_CONNECTION_REFUSED @ http://localhost:3000/_next/static/chunks/node_modules_next_dist_client_17643121._.js:10878
[  300868ms] [ERROR] WebSocket connection to 'ws://localhost:3000/_next/webpack-hmr?id=b1sZn4h6sW81A0Fl8M6ib' failed: Error in connection establishment: net::ERR_CONNECTION_REFUSED @ http://localhost:3000/_next/static/chunks/node_modules_next_dist_client_17643121._.js:10878
[  305981ms] [ERROR] WebSocket connection to 'ws://localhost:3000/_next/webpack-hmr?id=b1sZn4h6sW81A0Fl8M6ib' failed: Error in connection establishment: net::ERR_CONNECTION_REFUSED @ http://localhost:3000/_next/static/chunks/node_modules_next_dist_client_17643121._.js:10878
[  311118ms] [ERROR] WebSocket connection to 'ws://localhost:3000/_next/webpack-hmr?id=b1sZn4h6sW81A0Fl8M6ib' failed: Error in connection establishment: net::ERR_CONNECTION_REFUSED @ http://localhost:3000/_next/static/chunks/node_modules_next_dist_client_17643121._.js:10878
